# JRE version: OpenJDK Runtime Environment (11.0.8+10) (build 11.0.8+10-b944.6842174)
# Java VM: OpenJDK 64-Bit Server VM (11.0.8+10-b944.6842174, mixed mode, tiered, compressed oops, g1 gc, windows-amd64)
Heap:
 garbage-first heap   total 434176K, used 174899K [0x0000000080000000, 0x0000000100000000)
  region size 1024K, 3 young (3072K), 3 survivors (3072K)
 Metaspace       used 106637K, capacity 109665K, committed 109952K, reserved 1144832K
  class space    used 13620K, capacity 14609K, committed 14720K, reserved 1048576K
GC Heap History (20 events):
Event: 42.986 GC heap after
{Heap after GC invocations=51 (full 0):
 garbage-first heap   total 187392K, used 127805K [0x0000000080000000, 0x0000000100000000)
  region size 1024K, 5 young (5120K), 5 survivors (5120K)
 Metaspace       used 105568K, capacity 108444K, committed 108672K, reserved 1142784K
  class space    used 13482K, capacity 14430K, committed 14464K, reserved 1048576K
}
Event: 43.077 GC heap before
{Heap before GC invocations=51 (full 0):
 garbage-first heap   total 187392K, used 156477K [0x0000000080000000, 0x0000000100000000)
  region size 1024K, 33 young (33792K), 5 survivors (5120K)
 Metaspace       used 105569K, capacity 108444K, committed 108672K, reserved 1142784K
  class space    used 13482K, capacity 14430K, committed 14464K, reserved 1048576K
}
Event: 43.081 GC heap after
{Heap after GC invocations=52 (full 0):
 garbage-first heap   total 187392K, used 132972K [0x0000000080000000, 0x0000000100000000)
  region size 1024K, 5 young (5120K), 5 survivors (5120K)
 Metaspace       used 105569K, capacity 108444K, committed 108672K, reserved 1142784K
  class space    used 13482K, capacity 14430K, committed 14464K, reserved 1048576K
}
Event: 43.193 GC heap before
{Heap before GC invocations=53 (full 0):
 garbage-first heap   total 187392K, used 157548K [0x0000000080000000, 0x0000000100000000)
  region size 1024K, 29 young (29696K), 5 survivors (5120K)
 Metaspace       used 105569K, capacity 108444K, committed 108672K, reserved 1142784K
  class space    used 13482K, capacity 14430K, committed 14464K, reserved 1048576K
}
Event: 43.196 GC heap after
{Heap after GC invocations=54 (full 0):
 garbage-first heap   total 187392K, used 137604K [0x0000000080000000, 0x0000000100000000)
  region size 1024K, 4 young (4096K), 4 survivors (4096K)
 Metaspace       used 105569K, capacity 108444K, committed 108672K, reserved 1142784K
  class space    used 13482K, capacity 14430K, committed 14464K, reserved 1048576K
}
Event: 43.206 GC heap before
{Heap before GC invocations=54 (full 0):
 garbage-first heap   total 187392K, used 141700K [0x0000000080000000, 0x0000000100000000)
  region size 1024K, 9 young (9216K), 4 survivors (4096K)
 Metaspace       used 105569K, capacity 108444K, committed 108672K, reserved 1142784K
  class space    used 13482K, capacity 14430K, committed 14464K, reserved 1048576K
}
Event: 43.207 GC heap after
{Heap after GC invocations=55 (full 0):
 garbage-first heap   total 187392K, used 138697K [0x0000000080000000, 0x0000000100000000)
  region size 1024K, 2 young (2048K), 2 survivors (2048K)
 Metaspace       used 105569K, capacity 108444K, committed 108672K, reserved 1142784K
  class space    used 13482K, capacity 14430K, committed 14464K, reserved 1048576K
}
Event: 43.257 GC heap before
{Heap before GC invocations=55 (full 0):
 garbage-first heap   total 187392K, used 158153K [0x0000000080000000, 0x0000000100000000)
  region size 1024K, 21 young (21504K), 2 survivors (2048K)
 Metaspace       used 105570K, capacity 108444K, committed 108672K, reserved 1142784K
  class space    used 13482K, capacity 14430K, committed 14464K, reserved 1048576K
}
Event: 43.260 GC heap after
{Heap after GC invocations=56 (full 0):
 garbage-first heap   total 187392K, used 143131K [0x0000000080000000, 0x0000000100000000)
  region size 1024K, 3 young (3072K), 3 survivors (3072K)
 Metaspace       used 105570K, capacity 108444K, committed 108672K, reserved 1142784K
  class space    used 13482K, capacity 14430K, committed 14464K, reserved 1048576K
}
Event: 43.315 GC heap before
{Heap before GC invocations=56 (full 0):
 garbage-first heap   total 187392K, used 159515K [0x0000000080000000, 0x0000000100000000)
  region size 1024K, 19 young (19456K), 3 survivors (3072K)
 Metaspace       used 105570K, capacity 108444K, committed 108672K, reserved 1142784K
  class space    used 13482K, capacity 14430K, committed 14464K, reserved 1048576K
}
Event: 43.317 GC heap after
{Heap after GC invocations=57 (full 0):
 garbage-first heap   total 187392K, used 146320K [0x0000000080000000, 0x0000000100000000)
  region size 1024K, 3 young (3072K), 3 survivors (3072K)
 Metaspace       used 105570K, capacity 108444K, committed 108672K, reserved 1142784K
  class space    used 13482K, capacity 14430K, committed 14464K, reserved 1048576K
}
Event: 43.346 GC heap before
{Heap before GC invocations=57 (full 0):
 garbage-first heap   total 187392K, used 160656K [0x0000000080000000, 0x0000000100000000)
  region size 1024K, 17 young (17408K), 3 survivors (3072K)
 Metaspace       used 105570K, capacity 108444K, committed 108672K, reserved 1142784K
  class space    used 13482K, capacity 14430K, committed 14464K, reserved 1048576K
}
Event: 43.349 GC heap after
{Heap after GC invocations=58 (full 0):
 garbage-first heap   total 225280K, used 149212K [0x0000000080000000, 0x0000000100000000)
  region size 1024K, 3 young (3072K), 3 survivors (3072K)
 Metaspace       used 105570K, capacity 108444K, committed 108672K, reserved 1142784K
  class space    used 13482K, capacity 14430K, committed 14464K, reserved 1048576K
}
Event: 43.548 GC heap before
{Heap before GC invocations=59 (full 0):
 garbage-first heap   total 225280K, used 180956K [0x0000000080000000, 0x0000000100000000)
  region size 1024K, 35 young (35840K), 3 survivors (3072K)
 Metaspace       used 106243K, capacity 109182K, committed 109312K, reserved 1144832K
  class space    used 13591K, capacity 14557K, committed 14592K, reserved 1048576K
}
Event: 43.553 GC heap after
{Heap after GC invocations=60 (full 0):
 garbage-first heap   total 225280K, used 155401K [0x0000000080000000, 0x0000000100000000)
  region size 1024K, 5 young (5120K), 5 survivors (5120K)
 Metaspace       used 106243K, capacity 109182K, committed 109312K, reserved 1144832K
  class space    used 13591K, capacity 14557K, committed 14592K, reserved 1048576K
}
Event: 43.742 GC heap before
{Heap before GC invocations=60 (full 0):
 garbage-first heap   total 225280K, used 185097K [0x0000000080000000, 0x0000000100000000)
  region size 1024K, 34 young (34816K), 5 survivors (5120K)
 Metaspace       used 106577K, capacity 109531K, committed 109696K, reserved 1144832K
  class space    used 13620K, capacity 14609K, committed 14720K, reserved 1048576K
}
Event: 43.754 GC heap after
{Heap after GC invocations=61 (full 0):
 garbage-first heap   total 225280K, used 162816K [0x0000000080000000, 0x0000000100000000)
  region size 1024K, 5 young (5120K), 5 survivors (5120K)
 Metaspace       used 106577K, capacity 109531K, committed 109696K, reserved 1144832K
  class space    used 13620K, capacity 14609K, committed 14720K, reserved 1048576K
}
Event: 43.909 GC heap before
{Heap before GC invocations=61 (full 0):
 garbage-first heap   total 225280K, used 187392K [0x0000000080000000, 0x0000000100000000)
  region size 1024K, 29 young (29696K), 5 survivors (5120K)
 Metaspace       used 106632K, capacity 109601K, committed 109952K, reserved 1144832K
  class space    used 13620K, capacity 14609K, committed 14720K, reserved 1048576K
}
Event: 43.923 GC heap after
{Heap after GC invocations=62 (full 0):
 garbage-first heap   total 225280K, used 169385K [0x0000000080000000, 0x0000000100000000)
  region size 1024K, 4 young (4096K), 4 survivors (4096K)
 Metaspace       used 106632K, capacity 109601K, committed 109952K, reserved 1144832K
  class space    used 13620K, capacity 14609K, committed 14720K, reserved 1048576K
}
Event: 44.010 GC heap before
{Heap before GC invocations=62 (full 0):
 garbage-first heap   total 225280K, used 188841K [0x0000000080000000, 0x0000000100000000)
  region size 1024K, 24 young (24576K), 4 survivors (4096K)
 Metaspace       used 106637K, capacity 109665K, committed 109952K, reserved 1144832K
  class space    used 13620K, capacity 14609K, committed 14720K, reserved 1048576K
}

