# JRE version: OpenJDK Runtime Environment (11.0.8+10) (build 11.0.8+10-b944.6842174)
# Java VM: OpenJDK 64-Bit Server VM (11.0.8+10-b944.6842174, mixed mode, tiered, compressed oops, g1 gc, windows-amd64)
Heap:
 garbage-first heap   total 851968K, used 287744K [0x0000000080000000, 0x0000000100000000)
  region size 1024K, 13 young (13312K), 13 survivors (13312K)
 Metaspace       used 130683K, capacity 134351K, committed 134860K, reserved 1167360K
  class space    used 16481K, capacity 17712K, committed 17868K, reserved 1048576K
GC Heap History (20 events):
Event: 96.105 GC heap after
{Heap after GC invocations=67 (full 0):
 garbage-first heap   total 187392K, used 153259K [0x0000000080000000, 0x0000000100000000)
  region size 1024K, 2 young (2048K), 2 survivors (2048K)
 Metaspace       used 124071K, capacity 127460K, committed 127692K, reserved 1161216K
  class space    used 15597K, capacity 16723K, committed 16844K, reserved 1048576K
}
Event: 96.446 GC heap before
{Heap before GC invocations=68 (full 0):
 garbage-first heap   total 187392K, used 159403K [0x0000000080000000, 0x0000000100000000)
  region size 1024K, 9 young (9216K), 2 survivors (2048K)
 Metaspace       used 125599K, capacity 129037K, committed 129228K, reserved 1161216K
  class space    used 15827K, capacity 16992K, committed 17100K, reserved 1048576K
}
Event: 96.490 GC heap after
{Heap after GC invocations=69 (full 0):
 garbage-first heap   total 229376K, used 154048K [0x0000000080000000, 0x0000000100000000)
  region size 1024K, 1 young (1024K), 1 survivors (1024K)
 Metaspace       used 125599K, capacity 129037K, committed 129228K, reserved 1161216K
  class space    used 15827K, capacity 16992K, committed 17100K, reserved 1048576K
}
Event: 96.905 GC heap before
{Heap before GC invocations=69 (full 0):
 garbage-first heap   total 229376K, used 163264K [0x0000000080000000, 0x0000000100000000)
  region size 1024K, 11 young (11264K), 1 survivors (1024K)
 Metaspace       used 127212K, capacity 130719K, committed 131020K, reserved 1163264K
  class space    used 16095K, capacity 17283K, committed 17356K, reserved 1048576K
}
Event: 96.920 GC heap after
{Heap after GC invocations=70 (full 0):
 garbage-first heap   total 229376K, used 154444K [0x0000000080000000, 0x0000000100000000)
  region size 1024K, 2 young (2048K), 2 survivors (2048K)
 Metaspace       used 127212K, capacity 130719K, committed 131020K, reserved 1163264K
  class space    used 16095K, capacity 17283K, committed 17356K, reserved 1048576K
}
Event: 97.294 GC heap before
{Heap before GC invocations=70 (full 0):
 garbage-first heap   total 229376K, used 176972K [0x0000000080000000, 0x0000000100000000)
  region size 1024K, 25 young (25600K), 2 survivors (2048K)
 Metaspace       used 128421K, capacity 131966K, committed 132172K, reserved 1163264K
  class space    used 16248K, capacity 17463K, committed 17484K, reserved 1048576K
}
Event: 97.303 GC heap after
{Heap after GC invocations=71 (full 0):
 garbage-first heap   total 229376K, used 156218K [0x0000000080000000, 0x0000000100000000)
  region size 1024K, 4 young (4096K), 4 survivors (4096K)
 Metaspace       used 128421K, capacity 131966K, committed 132172K, reserved 1163264K
  class space    used 16248K, capacity 17463K, committed 17484K, reserved 1048576K
}
Event: 97.656 GC heap before
{Heap before GC invocations=71 (full 0):
 garbage-first heap   total 229376K, used 179770K [0x0000000080000000, 0x0000000100000000)
  region size 1024K, 28 young (28672K), 4 survivors (4096K)
 Metaspace       used 129188K, capacity 132821K, committed 133068K, reserved 1165312K
  class space    used 16350K, capacity 17576K, committed 17612K, reserved 1048576K
}
Event: 97.734 GC heap after
{Heap after GC invocations=72 (full 0):
 garbage-first heap   total 229376K, used 158838K [0x0000000080000000, 0x0000000100000000)
  region size 1024K, 4 young (4096K), 4 survivors (4096K)
 Metaspace       used 129188K, capacity 132821K, committed 133068K, reserved 1165312K
  class space    used 16350K, capacity 17576K, committed 17612K, reserved 1048576K
}
Event: 98.425 GC heap before
{Heap before GC invocations=72 (full 0):
 garbage-first heap   total 229376K, used 183414K [0x0000000080000000, 0x0000000100000000)
  region size 1024K, 29 young (29696K), 4 survivors (4096K)
 Metaspace       used 129993K, capacity 133641K, committed 133708K, reserved 1165312K
  class space    used 16435K, capacity 17690K, committed 17740K, reserved 1048576K
}
Event: 98.513 GC heap after
{Heap after GC invocations=73 (full 0):
 garbage-first heap   total 453632K, used 161587K [0x0000000080000000, 0x0000000100000000)
  region size 1024K, 4 young (4096K), 4 survivors (4096K)
 Metaspace       used 129993K, capacity 133641K, committed 133708K, reserved 1165312K
  class space    used 16435K, capacity 17690K, committed 17740K, reserved 1048576K
}
Event: 101.446 GC heap before
{Heap before GC invocations=74 (full 0):
 garbage-first heap   total 453632K, used 302899K [0x0000000080000000, 0x0000000100000000)
  region size 1024K, 139 young (142336K), 4 survivors (4096K)
 Metaspace       used 130500K, capacity 134130K, committed 134604K, reserved 1165312K
  class space    used 16473K, capacity 17709K, committed 17868K, reserved 1048576K
}
Event: 101.464 GC heap after
{Heap after GC invocations=75 (full 0):
 garbage-first heap   total 453632K, used 182272K [0x0000000080000000, 0x0000000100000000)
  region size 1024K, 18 young (18432K), 18 survivors (18432K)
 Metaspace       used 130500K, capacity 134130K, committed 134604K, reserved 1165312K
  class space    used 16473K, capacity 17709K, committed 17868K, reserved 1048576K
}
Event: 102.151 GC heap before
{Heap before GC invocations=75 (full 0):
 garbage-first heap   total 453632K, used 314368K [0x0000000080000000, 0x0000000100000000)
  region size 1024K, 147 young (150528K), 18 survivors (18432K)
 Metaspace       used 130639K, capacity 134276K, committed 134604K, reserved 1165312K
  class space    used 16478K, capacity 17710K, committed 17868K, reserved 1048576K
}
Event: 102.186 GC heap after
{Heap after GC invocations=76 (full 0):
 garbage-first heap   total 453632K, used 210744K [0x0000000080000000, 0x0000000100000000)
  region size 1024K, 19 young (19456K), 19 survivors (19456K)
 Metaspace       used 130639K, capacity 134276K, committed 134604K, reserved 1165312K
  class space    used 16478K, capacity 17710K, committed 17868K, reserved 1048576K
}
Event: 102.529 GC heap before
{Heap before GC invocations=76 (full 0):
 garbage-first heap   total 453632K, used 327480K [0x0000000080000000, 0x0000000100000000)
  region size 1024K, 132 young (135168K), 19 survivors (19456K)
 Metaspace       used 130646K, capacity 134279K, committed 134604K, reserved 1165312K
  class space    used 16479K, capacity 17711K, committed 17868K, reserved 1048576K
}
Event: 102.617 GC heap after
{Heap after GC invocations=77 (full 0):
 garbage-first heap   total 453632K, used 241106K [0x0000000080000000, 0x0000000100000000)
  region size 1024K, 17 young (17408K), 17 survivors (17408K)
 Metaspace       used 130646K, capacity 134279K, committed 134604K, reserved 1165312K
  class space    used 16479K, capacity 17711K, committed 17868K, reserved 1048576K
}
Event: 103.091 GC heap before
{Heap before GC invocations=77 (full 0):
 garbage-first heap   total 453632K, used 343506K [0x0000000080000000, 0x0000000100000000)
  region size 1024K, 114 young (116736K), 17 survivors (17408K)
 Metaspace       used 130671K, capacity 134348K, committed 134860K, reserved 1167360K
  class space    used 16481K, capacity 17712K, committed 17868K, reserved 1048576K
}
Event: 103.318 GC heap after
{Heap after GC invocations=78 (full 0):
 garbage-first heap   total 453632K, used 269312K [0x0000000080000000, 0x0000000100000000)
  region size 1024K, 15 young (15360K), 15 survivors (15360K)
 Metaspace       used 130671K, capacity 134348K, committed 134860K, reserved 1167360K
  class space    used 16481K, capacity 17712K, committed 17868K, reserved 1048576K
}
Event: 104.493 GC heap before
{Heap before GC invocations=78 (full 0):
 garbage-first heap   total 453632K, used 355328K [0x0000000080000000, 0x0000000100000000)
  region size 1024K, 97 young (99328K), 15 survivors (15360K)
 Metaspace       used 130683K, capacity 134351K, committed 134860K, reserved 1167360K
  class space    used 16481K, capacity 17712K, committed 17868K, reserved 1048576K
}

