# JRE version: OpenJDK Runtime Environment (11.0.8+10) (build 11.0.8+10-b944.6842174)
# Java VM: OpenJDK 64-Bit Server VM (11.0.8+10-b944.6842174, mixed mode, tiered, compressed oops, g1 gc, windows-amd64)
Heap:
 garbage-first heap   total 392192K, used 205824K [0x0000000080000000, 0x0000000100000000)
  region size 1024K, 3 young (3072K), 3 survivors (3072K)
 Metaspace       used 86113K, capacity 88214K, committed 88440K, reserved 1126400K
  class space    used 11301K, capacity 12059K, committed 12152K, reserved 1048576K
GC Heap History (20 events):
Event: 12.710 GC heap after
{Heap after GC invocations=16 (full 0):
 garbage-first heap   total 187392K, used 64539K [0x0000000080000000, 0x0000000100000000)
  region size 1024K, 6 young (6144K), 6 survivors (6144K)
 Metaspace       used 76793K, capacity 78841K, committed 79096K, reserved 1118208K
  class space    used 10029K, capacity 10733K, committed 10744K, reserved 1048576K
}
Event: 13.480 GC heap before
{Heap before GC invocations=16 (full 0):
 garbage-first heap   total 187392K, used 141339K [0x0000000080000000, 0x0000000100000000)
  region size 1024K, 82 young (83968K), 6 survivors (6144K)
 Metaspace       used 78740K, capacity 80782K, committed 80888K, reserved 1120256K
  class space    used 10255K, capacity 10969K, committed 11000K, reserved 1048576K
}
Event: 13.491 GC heap after
{Heap after GC invocations=17 (full 0):
 garbage-first heap   total 187392K, used 68108K [0x0000000080000000, 0x0000000100000000)
  region size 1024K, 9 young (9216K), 9 survivors (9216K)
 Metaspace       used 78740K, capacity 80782K, committed 80888K, reserved 1120256K
  class space    used 10255K, capacity 10969K, committed 11000K, reserved 1048576K
}
Event: 13.979 GC heap before
{Heap before GC invocations=17 (full 0):
 garbage-first heap   total 187392K, used 145932K [0x0000000080000000, 0x0000000100000000)
  region size 1024K, 85 young (87040K), 9 survivors (9216K)
 Metaspace       used 80717K, capacity 82828K, committed 83064K, reserved 1120256K
  class space    used 10516K, capacity 11267K, committed 11384K, reserved 1048576K
}
Event: 13.990 GC heap after
{Heap after GC invocations=18 (full 0):
 garbage-first heap   total 187392K, used 71391K [0x0000000080000000, 0x0000000100000000)
  region size 1024K, 8 young (8192K), 8 survivors (8192K)
 Metaspace       used 80717K, capacity 82828K, committed 83064K, reserved 1120256K
  class space    used 10516K, capacity 11267K, committed 11384K, reserved 1048576K
}
Event: 14.694 GC heap before
{Heap before GC invocations=18 (full 0):
 garbage-first heap   total 187392K, used 135903K [0x0000000080000000, 0x0000000100000000)
  region size 1024K, 53 young (54272K), 8 survivors (8192K)
 Metaspace       used 83828K, capacity 85987K, committed 86264K, reserved 1124352K
  class space    used 10927K, capacity 11703K, committed 11768K, reserved 1048576K
}
Event: 14.704 GC heap after
{Heap after GC invocations=19 (full 0):
 garbage-first heap   total 187392K, used 98895K [0x0000000080000000, 0x0000000100000000)
  region size 1024K, 11 young (11264K), 11 survivors (11264K)
 Metaspace       used 83828K, capacity 85987K, committed 86264K, reserved 1124352K
  class space    used 10927K, capacity 11703K, committed 11768K, reserved 1048576K
}
Event: 15.052 GC heap before
{Heap before GC invocations=20 (full 0):
 garbage-first heap   total 187392K, used 162383K [0x0000000080000000, 0x0000000100000000)
  region size 1024K, 59 young (60416K), 11 survivors (11264K)
 Metaspace       used 84123K, capacity 86191K, committed 86648K, reserved 1124352K
  class space    used 10942K, capacity 11687K, committed 11896K, reserved 1048576K
}
Event: 15.130 GC heap after
{Heap after GC invocations=21 (full 0):
 garbage-first heap   total 195584K, used 125425K [0x0000000080000000, 0x0000000100000000)
  region size 1024K, 8 young (8192K), 8 survivors (8192K)
 Metaspace       used 84123K, capacity 86191K, committed 86648K, reserved 1124352K
  class space    used 10942K, capacity 11687K, committed 11896K, reserved 1048576K
}
Event: 15.353 GC heap before
{Heap before GC invocations=22 (full 0):
 garbage-first heap   total 195584K, used 159217K [0x0000000080000000, 0x0000000100000000)
  region size 1024K, 38 young (38912K), 8 survivors (8192K)
 Metaspace       used 84233K, capacity 86289K, committed 86648K, reserved 1124352K
  class space    used 10962K, capacity 11698K, committed 11896K, reserved 1048576K
}
Event: 15.382 GC heap after
{Heap after GC invocations=23 (full 0):
 garbage-first heap   total 195584K, used 141998K [0x0000000080000000, 0x0000000100000000)
  region size 1024K, 5 young (5120K), 5 survivors (5120K)
 Metaspace       used 84233K, capacity 86289K, committed 86648K, reserved 1124352K
  class space    used 10962K, capacity 11698K, committed 11896K, reserved 1048576K
}
Event: 15.586 GC heap before
{Heap before GC invocations=23 (full 0):
 garbage-first heap   total 195584K, used 159406K [0x0000000080000000, 0x0000000100000000)
  region size 1024K, 22 young (22528K), 5 survivors (5120K)
 Metaspace       used 86008K, capacity 88136K, committed 88440K, reserved 1126400K
  class space    used 11301K, capacity 12059K, committed 12152K, reserved 1048576K
}
Event: 15.611 GC heap after
{Heap after GC invocations=24 (full 0):
 garbage-first heap   total 254976K, used 149821K [0x0000000080000000, 0x0000000100000000)
  region size 1024K, 3 young (3072K), 3 survivors (3072K)
 Metaspace       used 86008K, capacity 88136K, committed 88440K, reserved 1126400K
  class space    used 11301K, capacity 12059K, committed 12152K, reserved 1048576K
}
Event: 15.851 GC heap before
{Heap before GC invocations=24 (full 0):
 garbage-first heap   total 254976K, used 183613K [0x0000000080000000, 0x0000000100000000)
  region size 1024K, 38 young (38912K), 3 survivors (3072K)
 Metaspace       used 86107K, capacity 88214K, committed 88440K, reserved 1126400K
  class space    used 11301K, capacity 12059K, committed 12152K, reserved 1048576K
}
Event: 15.886 GC heap after
{Heap after GC invocations=25 (full 0):
 garbage-first heap   total 254976K, used 169685K [0x0000000080000000, 0x0000000100000000)
  region size 1024K, 5 young (5120K), 5 survivors (5120K)
 Metaspace       used 86107K, capacity 88214K, committed 88440K, reserved 1126400K
  class space    used 11301K, capacity 12059K, committed 12152K, reserved 1048576K
}
Event: 16.096 GC heap before
{Heap before GC invocations=26 (full 0):
 garbage-first heap   total 254976K, used 195285K [0x0000000080000000, 0x0000000100000000)
  region size 1024K, 31 young (31744K), 5 survivors (5120K)
 Metaspace       used 86108K, capacity 88214K, committed 88440K, reserved 1126400K
  class space    used 11301K, capacity 12059K, committed 12152K, reserved 1048576K
}
Event: 16.173 GC heap after
{Heap after GC invocations=27 (full 0):
 garbage-first heap   total 254976K, used 185735K [0x0000000080000000, 0x0000000100000000)
  region size 1024K, 4 young (4096K), 4 survivors (4096K)
 Metaspace       used 86108K, capacity 88214K, committed 88440K, reserved 1126400K
  class space    used 11301K, capacity 12059K, committed 12152K, reserved 1048576K
}
Event: 16.249 GC heap before
{Heap before GC invocations=27 (full 0):
 garbage-first heap   total 254976K, used 205191K [0x0000000080000000, 0x0000000100000000)
  region size 1024K, 23 young (23552K), 4 survivors (4096K)
 Metaspace       used 86112K, capacity 88214K, committed 88440K, reserved 1126400K
  class space    used 11301K, capacity 12059K, committed 12152K, reserved 1048576K
}
Event: 16.273 GC heap after
{Heap after GC invocations=28 (full 0):
 garbage-first heap   total 254976K, used 197002K [0x0000000080000000, 0x0000000100000000)
  region size 1024K, 3 young (3072K), 3 survivors (3072K)
 Metaspace       used 86112K, capacity 88214K, committed 88440K, reserved 1126400K
  class space    used 11301K, capacity 12059K, committed 12152K, reserved 1048576K
}
Event: 16.353 GC heap before
{Heap before GC invocations=28 (full 0):
 garbage-first heap   total 254976K, used 211338K [0x0000000080000000, 0x0000000100000000)
  region size 1024K, 17 young (17408K), 3 survivors (3072K)
 Metaspace       used 86113K, capacity 88214K, committed 88440K, reserved 1126400K
  class space    used 11301K, capacity 12059K, committed 12152K, reserved 1048576K
}

