# JRE version: OpenJDK Runtime Environment (11.0.8+10) (build 11.0.8+10-b944.6842174)
# Java VM: OpenJDK 64-Bit Server VM (11.0.8+10-b944.6842174, mixed mode, tiered, compressed oops, g1 gc, windows-amd64)
Heap:
 garbage-first heap   total 581632K, used 239910K [0x0000000080000000, 0x0000000100000000)
  region size 1024K, 2 young (2048K), 2 survivors (2048K)
 Metaspace       used 106851K, capacity 109685K, committed 110080K, reserved 1144832K
  class space    used 13676K, capacity 14678K, committed 14848K, reserved 1048576K
GC Heap History (20 events):
Event: 30.485 GC heap after
{Heap after GC invocations=32 (full 0):
 garbage-first heap   total 225280K, used 111491K [0x0000000080000000, 0x0000000100000000)
  region size 1024K, 7 young (7168K), 7 survivors (7168K)
 Metaspace       used 103231K, capacity 105980K, committed 106496K, reserved 1140736K
  class space    used 13131K, capacity 14100K, committed 14336K, reserved 1048576K
}
Event: 30.578 GC heap before
{Heap before GC invocations=32 (full 0):
 garbage-first heap   total 225280K, used 121731K [0x0000000080000000, 0x0000000100000000)
  region size 1024K, 19 young (19456K), 7 survivors (7168K)
 Metaspace       used 103377K, capacity 106137K, committed 106752K, reserved 1142784K
  class space    used 13146K, capacity 14106K, committed 14336K, reserved 1048576K
}
Event: 30.589 GC heap after
{Heap after GC invocations=33 (full 0):
 garbage-first heap   total 225280K, used 112268K [0x0000000080000000, 0x0000000100000000)
  region size 1024K, 4 young (4096K), 4 survivors (4096K)
 Metaspace       used 103377K, capacity 106137K, committed 106752K, reserved 1142784K
  class space    used 13146K, capacity 14106K, committed 14336K, reserved 1048576K
}
Event: 31.613 GC heap before
{Heap before GC invocations=34 (full 0):
 garbage-first heap   total 225280K, used 218764K [0x0000000080000000, 0x0000000100000000)
  region size 1024K, 73 young (74752K), 4 survivors (4096K)
 Metaspace       used 104792K, capacity 107596K, committed 108160K, reserved 1142784K
  class space    used 13318K, capacity 14283K, committed 14464K, reserved 1048576K
}
Event: 31.651 GC heap after
{Heap after GC invocations=35 (full 0):
 garbage-first heap   total 241664K, used 153881K [0x0000000080000000, 0x0000000100000000)
  region size 1024K, 10 young (10240K), 10 survivors (10240K)
 Metaspace       used 104792K, capacity 107596K, committed 108160K, reserved 1142784K
  class space    used 13318K, capacity 14283K, committed 14464K, reserved 1048576K
}
Event: 31.658 GC heap before
{Heap before GC invocations=35 (full 0):
 garbage-first heap   total 241664K, used 153881K [0x0000000080000000, 0x0000000100000000)
  region size 1024K, 11 young (11264K), 10 survivors (10240K)
 Metaspace       used 104816K, capacity 107596K, committed 108160K, reserved 1142784K
  class space    used 13320K, capacity 14283K, committed 14464K, reserved 1048576K
}
Event: 31.667 GC heap after
{Heap after GC invocations=36 (full 0):
 garbage-first heap   total 241664K, used 154732K [0x0000000080000000, 0x0000000100000000)
  region size 1024K, 1 young (1024K), 1 survivors (1024K)
 Metaspace       used 104816K, capacity 107596K, committed 108160K, reserved 1142784K
  class space    used 13320K, capacity 14283K, committed 14464K, reserved 1048576K
}
Event: 31.878 GC heap before
{Heap before GC invocations=36 (full 0):
 garbage-first heap   total 241664K, used 185452K [0x0000000080000000, 0x0000000100000000)
  region size 1024K, 32 young (32768K), 1 survivors (1024K)
 Metaspace       used 104925K, capacity 107752K, committed 108160K, reserved 1142784K
  class space    used 13331K, capacity 14295K, committed 14464K, reserved 1048576K
}
Event: 31.899 GC heap after
{Heap after GC invocations=37 (full 0):
 garbage-first heap   total 241664K, used 167563K [0x0000000080000000, 0x0000000100000000)
  region size 1024K, 6 young (6144K), 6 survivors (6144K)
 Metaspace       used 104925K, capacity 107752K, committed 108160K, reserved 1142784K
  class space    used 13331K, capacity 14295K, committed 14464K, reserved 1048576K
}
Event: 32.191 GC heap before
{Heap before GC invocations=38 (full 0):
 garbage-first heap   total 241664K, used 199307K [0x0000000080000000, 0x0000000100000000)
  region size 1024K, 34 young (34816K), 6 survivors (6144K)
 Metaspace       used 104926K, capacity 107752K, committed 108160K, reserved 1142784K
  class space    used 13331K, capacity 14295K, committed 14464K, reserved 1048576K
}
Event: 32.223 GC heap after
{Heap after GC invocations=39 (full 0):
 garbage-first heap   total 241664K, used 183312K [0x0000000080000000, 0x0000000100000000)
  region size 1024K, 5 young (5120K), 5 survivors (5120K)
 Metaspace       used 104926K, capacity 107752K, committed 108160K, reserved 1142784K
  class space    used 13331K, capacity 14295K, committed 14464K, reserved 1048576K
}
Event: 32.565 GC heap before
{Heap before GC invocations=39 (full 0):
 garbage-first heap   total 241664K, used 188432K [0x0000000080000000, 0x0000000100000000)
  region size 1024K, 11 young (11264K), 5 survivors (5120K)
 Metaspace       used 106196K, capacity 109040K, committed 109440K, reserved 1144832K
  class space    used 13637K, capacity 14640K, committed 14720K, reserved 1048576K
}
Event: 32.689 GC heap after
{Heap after GC invocations=40 (full 0):
 garbage-first heap   total 290816K, used 185452K [0x0000000080000000, 0x0000000100000000)
  region size 1024K, 2 young (2048K), 2 survivors (2048K)
 Metaspace       used 106196K, capacity 109040K, committed 109440K, reserved 1144832K
  class space    used 13637K, capacity 14640K, committed 14720K, reserved 1048576K
}
Event: 33.143 GC heap before
{Heap before GC invocations=40 (full 0):
 garbage-first heap   total 290816K, used 225388K [0x0000000080000000, 0x0000000100000000)
  region size 1024K, 41 young (41984K), 2 survivors (2048K)
 Metaspace       used 106825K, capacity 109684K, committed 110080K, reserved 1144832K
  class space    used 13676K, capacity 14678K, committed 14848K, reserved 1048576K
}
Event: 33.185 GC heap after
{Heap after GC invocations=41 (full 0):
 garbage-first heap   total 290816K, used 207467K [0x0000000080000000, 0x0000000100000000)
  region size 1024K, 6 young (6144K), 6 survivors (6144K)
 Metaspace       used 106825K, capacity 109684K, committed 110080K, reserved 1144832K
  class space    used 13676K, capacity 14678K, committed 14848K, reserved 1048576K
}
Event: 33.396 GC heap before
{Heap before GC invocations=41 (full 0):
 garbage-first heap   total 290816K, used 233067K [0x0000000080000000, 0x0000000100000000)
  region size 1024K, 31 young (31744K), 6 survivors (6144K)
 Metaspace       used 106839K, capacity 109685K, committed 110080K, reserved 1144832K
  class space    used 13676K, capacity 14678K, committed 14848K, reserved 1048576K
}
Event: 33.538 GC heap after
{Heap after GC invocations=42 (full 0):
 garbage-first heap   total 290816K, used 222912K [0x0000000080000000, 0x0000000100000000)
  region size 1024K, 4 young (4096K), 4 survivors (4096K)
 Metaspace       used 106839K, capacity 109685K, committed 110080K, reserved 1144832K
  class space    used 13676K, capacity 14678K, committed 14848K, reserved 1048576K
}
Event: 34.075 GC heap before
{Heap before GC invocations=42 (full 0):
 garbage-first heap   total 290816K, used 239296K [0x0000000080000000, 0x0000000100000000)
  region size 1024K, 21 young (21504K), 4 survivors (4096K)
 Metaspace       used 106850K, capacity 109685K, committed 110080K, reserved 1144832K
  class space    used 13676K, capacity 14678K, committed 14848K, reserved 1048576K
}
Event: 34.098 GC heap after
{Heap after GC invocations=43 (full 0):
 garbage-first heap   total 290816K, used 232448K [0x0000000080000000, 0x0000000100000000)
  region size 1024K, 3 young (3072K), 3 survivors (3072K)
 Metaspace       used 106850K, capacity 109685K, committed 110080K, reserved 1144832K
  class space    used 13676K, capacity 14678K, committed 14848K, reserved 1048576K
}
Event: 34.182 GC heap before
{Heap before GC invocations=44 (full 0):
 garbage-first heap   total 290816K, used 244736K [0x0000000080000000, 0x0000000100000000)
  region size 1024K, 15 young (15360K), 3 survivors (3072K)
 Metaspace       used 106851K, capacity 109685K, committed 110080K, reserved 1144832K
  class space    used 13676K, capacity 14678K, committed 14848K, reserved 1048576K
}

