# JRE version: OpenJDK Runtime Environment (11.0.8+10) (build 11.0.8+10-b944.6842174)
# Java VM: OpenJDK 64-Bit Server VM (11.0.8+10-b944.6842174, mixed mode, tiered, compressed oops, g1 gc, windows-amd64)
Heap:
 garbage-first heap   total 464896K, used 175731K [0x0000000080000000, 0x0000000100000000)
  region size 1024K, 3 young (3072K), 3 survivors (3072K)
 Metaspace       used 87898K, capacity 89950K, committed 90188K, reserved 1128448K
  class space    used 11325K, capacity 12078K, committed 12160K, reserved 1048576K
GC Heap History (20 events):
Event: 21.346 GC heap after
{Heap after GC invocations=28 (full 0):
 garbage-first heap   total 187392K, used 122323K [0x0000000080000000, 0x0000000100000000)
  region size 1024K, 6 young (6144K), 6 survivors (6144K)
 Metaspace       used 87787K, capacity 89940K, committed 90188K, reserved 1128448K
  class space    used 11353K, capacity 12132K, committed 12160K, reserved 1048576K
}
Event: 21.586 GC heap before
{Heap before GC invocations=28 (full 0):
 garbage-first heap   total 187392K, used 152019K [0x0000000080000000, 0x0000000100000000)
  region size 1024K, 36 young (36864K), 6 survivors (6144K)
 Metaspace       used 87935K, capacity 90011K, committed 90188K, reserved 1128448K
  class space    used 11355K, capacity 12133K, committed 12160K, reserved 1048576K
}
Event: 21.601 GC heap after
{Heap after GC invocations=29 (full 0):
 garbage-first heap   total 187392K, used 130245K [0x0000000080000000, 0x0000000100000000)
  region size 1024K, 5 young (5120K), 5 survivors (5120K)
 Metaspace       used 87935K, capacity 90011K, committed 90188K, reserved 1128448K
  class space    used 11355K, capacity 12133K, committed 12160K, reserved 1048576K
}
Event: 21.695 GC heap before
{Heap before GC invocations=30 (full 0):
 garbage-first heap   total 187392K, used 153797K [0x0000000080000000, 0x0000000100000000)
  region size 1024K, 29 young (29696K), 5 survivors (5120K)
 Metaspace       used 87969K, capacity 90084K, committed 90188K, reserved 1128448K
  class space    used 11355K, capacity 12133K, committed 12160K, reserved 1048576K
}
Event: 21.708 GC heap after
{Heap after GC invocations=31 (full 0):
 garbage-first heap   total 187392K, used 136599K [0x0000000080000000, 0x0000000100000000)
  region size 1024K, 4 young (4096K), 4 survivors (4096K)
 Metaspace       used 87969K, capacity 90084K, committed 90188K, reserved 1128448K
  class space    used 11355K, capacity 12133K, committed 12160K, reserved 1048576K
}
Event: 21.767 GC heap before
{Heap before GC invocations=31 (full 0):
 garbage-first heap   total 187392K, used 156055K [0x0000000080000000, 0x0000000100000000)
  region size 1024K, 23 young (23552K), 4 survivors (4096K)
 Metaspace       used 87976K, capacity 90084K, committed 90188K, reserved 1128448K
  class space    used 11355K, capacity 12133K, committed 12160K, reserved 1048576K
}
Event: 21.783 GC heap after
{Heap after GC invocations=32 (full 0):
 garbage-first heap   total 187392K, used 141658K [0x0000000080000000, 0x0000000100000000)
  region size 1024K, 3 young (3072K), 3 survivors (3072K)
 Metaspace       used 87976K, capacity 90084K, committed 90188K, reserved 1128448K
  class space    used 11355K, capacity 12133K, committed 12160K, reserved 1048576K
}
Event: 21.864 GC heap before
{Heap before GC invocations=32 (full 0):
 garbage-first heap   total 187392K, used 158042K [0x0000000080000000, 0x0000000100000000)
  region size 1024K, 19 young (19456K), 3 survivors (3072K)
 Metaspace       used 87982K, capacity 90090K, committed 90188K, reserved 1128448K
  class space    used 11356K, capacity 12135K, committed 12160K, reserved 1048576K
}
Event: 21.874 GC heap after
{Heap after GC invocations=33 (full 0):
 garbage-first heap   total 187392K, used 145700K [0x0000000080000000, 0x0000000100000000)
  region size 1024K, 3 young (3072K), 3 survivors (3072K)
 Metaspace       used 87982K, capacity 90090K, committed 90188K, reserved 1128448K
  class space    used 11356K, capacity 12135K, committed 12160K, reserved 1048576K
}
Event: 21.921 GC heap before
{Heap before GC invocations=33 (full 0):
 garbage-first heap   total 187392K, used 157988K [0x0000000080000000, 0x0000000100000000)
  region size 1024K, 16 young (16384K), 3 survivors (3072K)
 Metaspace       used 87986K, capacity 90092K, committed 90188K, reserved 1128448K
  class space    used 11356K, capacity 12135K, committed 12160K, reserved 1048576K
}
Event: 21.933 GC heap after
{Heap after GC invocations=34 (full 0):
 garbage-first heap   total 187392K, used 149700K [0x0000000080000000, 0x0000000100000000)
  region size 1024K, 2 young (2048K), 2 survivors (2048K)
 Metaspace       used 87986K, capacity 90092K, committed 90188K, reserved 1128448K
  class space    used 11356K, capacity 12135K, committed 12160K, reserved 1048576K
}
Event: 21.965 GC heap before
{Heap before GC invocations=34 (full 0):
 garbage-first heap   total 187392K, used 159940K [0x0000000080000000, 0x0000000100000000)
  region size 1024K, 12 young (12288K), 2 survivors (2048K)
 Metaspace       used 87986K, capacity 90092K, committed 90188K, reserved 1128448K
  class space    used 11356K, capacity 12135K, committed 12160K, reserved 1048576K
}
Event: 21.976 GC heap after
{Heap after GC invocations=35 (full 0):
 garbage-first heap   total 225280K, used 153228K [0x0000000080000000, 0x0000000100000000)
  region size 1024K, 2 young (2048K), 2 survivors (2048K)
 Metaspace       used 87986K, capacity 90092K, committed 90188K, reserved 1128448K
  class space    used 11356K, capacity 12135K, committed 12160K, reserved 1048576K
}
Event: 22.091 GC heap before
{Heap before GC invocations=35 (full 0):
 garbage-first heap   total 225280K, used 178828K [0x0000000080000000, 0x0000000100000000)
  region size 1024K, 27 young (27648K), 2 survivors (2048K)
 Metaspace       used 87897K, capacity 89950K, committed 90188K, reserved 1128448K
  class space    used 11325K, capacity 12078K, committed 12160K, reserved 1048576K
}
Event: 22.117 GC heap after
{Heap after GC invocations=36 (full 0):
 garbage-first heap   total 225280K, used 160892K [0x0000000080000000, 0x0000000100000000)
  region size 1024K, 4 young (4096K), 4 survivors (4096K)
 Metaspace       used 87897K, capacity 89950K, committed 90188K, reserved 1128448K
  class space    used 11325K, capacity 12078K, committed 12160K, reserved 1048576K
}
Event: 22.194 GC heap before
{Heap before GC invocations=36 (full 0):
 garbage-first heap   total 225280K, used 183420K [0x0000000080000000, 0x0000000100000000)
  region size 1024K, 26 young (26624K), 4 survivors (4096K)
 Metaspace       used 87898K, capacity 89950K, committed 90188K, reserved 1128448K
  class space    used 11325K, capacity 12078K, committed 12160K, reserved 1048576K
}
Event: 22.217 GC heap after
{Heap after GC invocations=37 (full 0):
 garbage-first heap   total 225280K, used 166669K [0x0000000080000000, 0x0000000100000000)
  region size 1024K, 4 young (4096K), 4 survivors (4096K)
 Metaspace       used 87898K, capacity 89950K, committed 90188K, reserved 1128448K
  class space    used 11325K, capacity 12078K, committed 12160K, reserved 1048576K
}
Event: 22.281 GC heap before
{Heap before GC invocations=38 (full 0):
 garbage-first heap   total 225280K, used 187149K [0x0000000080000000, 0x0000000100000000)
  region size 1024K, 24 young (24576K), 4 survivors (4096K)
 Metaspace       used 87898K, capacity 89950K, committed 90188K, reserved 1128448K
  class space    used 11325K, capacity 12078K, committed 12160K, reserved 1048576K
}
Event: 22.299 GC heap after
{Heap after GC invocations=39 (full 0):
 garbage-first heap   total 225280K, used 172276K [0x0000000080000000, 0x0000000100000000)
  region size 1024K, 3 young (3072K), 3 survivors (3072K)
 Metaspace       used 87898K, capacity 89950K, committed 90188K, reserved 1128448K
  class space    used 11325K, capacity 12078K, committed 12160K, reserved 1048576K
}
Event: 22.343 GC heap before
{Heap before GC invocations=39 (full 0):
 garbage-first heap   total 225280K, used 184564K [0x0000000080000000, 0x0000000100000000)
  region size 1024K, 16 young (16384K), 3 survivors (3072K)
 Metaspace       used 87898K, capacity 89950K, committed 90188K, reserved 1128448K
  class space    used 11325K, capacity 12078K, committed 12160K, reserved 1048576K
}

