# JRE version: OpenJDK Runtime Environment (11.0.8+10) (build 11.0.8+10-b944.6842174)
# Java VM: OpenJDK 64-Bit Server VM (11.0.8+10-b944.6842174, mixed mode, tiered, compressed oops, g1 gc, windows-amd64)
Heap:
 garbage-first heap   total 524288K, used 215950K [0x0000000080000000, 0x0000000100000000)
  region size 1024K, 3 young (3072K), 3 survivors (3072K)
 Metaspace       used 87894K, capacity 90052K, committed 90444K, reserved 1128448K
  class space    used 11522K, capacity 12309K, committed 12416K, reserved 1048576K
GC Heap History (20 events):
Event: 15.547 GC heap after
{Heap after GC invocations=22 (full 0):
 garbage-first heap   total 191488K, used 125952K [0x0000000080000000, 0x0000000100000000)
  region size 1024K, 7 young (7168K), 7 survivors (7168K)
 Metaspace       used 84310K, capacity 86384K, committed 86860K, reserved 1124352K
  class space    used 10961K, capacity 11702K, committed 11904K, reserved 1048576K
}
Event: 15.574 GC heap before
{Heap before GC invocations=22 (full 0):
 garbage-first heap   total 191488K, used 129024K [0x0000000080000000, 0x0000000100000000)
  region size 1024K, 11 young (11264K), 7 survivors (7168K)
 Metaspace       used 84310K, capacity 86384K, committed 86860K, reserved 1124352K
  class space    used 10961K, capacity 11702K, committed 11904K, reserved 1048576K
}
Event: 15.587 GC heap after
{Heap after GC invocations=23 (full 0):
 garbage-first heap   total 191488K, used 128060K [0x0000000080000000, 0x0000000100000000)
  region size 1024K, 2 young (2048K), 2 survivors (2048K)
 Metaspace       used 84310K, capacity 86384K, committed 86860K, reserved 1124352K
  class space    used 10961K, capacity 11702K, committed 11904K, reserved 1048576K
}
Event: 15.782 GC heap before
{Heap before GC invocations=23 (full 0):
 garbage-first heap   total 191488K, used 148540K [0x0000000080000000, 0x0000000100000000)
  region size 1024K, 20 young (20480K), 2 survivors (2048K)
 Metaspace       used 84310K, capacity 86384K, committed 86860K, reserved 1124352K
  class space    used 10961K, capacity 11702K, committed 11904K, reserved 1048576K
}
Event: 15.803 GC heap after
{Heap after GC invocations=24 (full 0):
 garbage-first heap   total 230400K, used 138365K [0x0000000080000000, 0x0000000100000000)
  region size 1024K, 3 young (3072K), 3 survivors (3072K)
 Metaspace       used 84310K, capacity 86384K, committed 86860K, reserved 1124352K
  class space    used 10961K, capacity 11702K, committed 11904K, reserved 1048576K
}
Event: 15.893 GC heap before
{Heap before GC invocations=25 (full 0):
 garbage-first heap   total 230400K, used 146557K [0x0000000080000000, 0x0000000100000000)
  region size 1024K, 12 young (12288K), 3 survivors (3072K)
 Metaspace       used 84310K, capacity 86384K, committed 86860K, reserved 1124352K
  class space    used 10961K, capacity 11702K, committed 11904K, reserved 1048576K
}
Event: 15.910 GC heap after
{Heap after GC invocations=26 (full 0):
 garbage-first heap   total 230400K, used 142861K [0x0000000080000000, 0x0000000100000000)
  region size 1024K, 4 young (4096K), 4 survivors (4096K)
 Metaspace       used 84310K, capacity 86384K, committed 86860K, reserved 1124352K
  class space    used 10961K, capacity 11702K, committed 11904K, reserved 1048576K
}
Event: 16.245 GC heap before
{Heap before GC invocations=27 (full 0):
 garbage-first heap   total 230400K, used 169485K [0x0000000080000000, 0x0000000100000000)
  region size 1024K, 29 young (29696K), 4 survivors (4096K)
 Metaspace       used 86228K, capacity 88329K, committed 88652K, reserved 1126400K
  class space    used 11317K, capacity 12071K, committed 12160K, reserved 1048576K
}
Event: 16.270 GC heap after
{Heap after GC invocations=28 (full 0):
 garbage-first heap   total 230400K, used 156934K [0x0000000080000000, 0x0000000100000000)
  region size 1024K, 4 young (4096K), 4 survivors (4096K)
 Metaspace       used 86228K, capacity 88329K, committed 88652K, reserved 1126400K
  class space    used 11317K, capacity 12071K, committed 12160K, reserved 1048576K
}
Event: 16.361 GC heap before
{Heap before GC invocations=28 (full 0):
 garbage-first heap   total 230400K, used 176390K [0x0000000080000000, 0x0000000100000000)
  region size 1024K, 24 young (24576K), 4 survivors (4096K)
 Metaspace       used 86259K, capacity 88332K, committed 88652K, reserved 1126400K
  class space    used 11317K, capacity 12071K, committed 12160K, reserved 1048576K
}
Event: 16.389 GC heap after
{Heap after GC invocations=29 (full 0):
 garbage-first heap   total 230400K, used 168960K [0x0000000080000000, 0x0000000100000000)
  region size 1024K, 3 young (3072K), 3 survivors (3072K)
 Metaspace       used 86259K, capacity 88332K, committed 88652K, reserved 1126400K
  class space    used 11317K, capacity 12071K, committed 12160K, reserved 1048576K
}
Event: 16.469 GC heap before
{Heap before GC invocations=29 (full 0):
 garbage-first heap   total 230400K, used 184320K [0x0000000080000000, 0x0000000100000000)
  region size 1024K, 18 young (18432K), 3 survivors (3072K)
 Metaspace       used 86273K, capacity 88335K, committed 88652K, reserved 1126400K
  class space    used 11317K, capacity 12071K, committed 12160K, reserved 1048576K
}
Event: 16.487 GC heap after
{Heap after GC invocations=30 (full 0):
 garbage-first heap   total 297984K, used 178462K [0x0000000080000000, 0x0000000100000000)
  region size 1024K, 3 young (3072K), 3 survivors (3072K)
 Metaspace       used 86273K, capacity 88335K, committed 88652K, reserved 1126400K
  class space    used 11317K, capacity 12071K, committed 12160K, reserved 1048576K
}
Event: 16.779 GC heap before
{Heap before GC invocations=30 (full 0):
 garbage-first heap   total 297984K, used 210206K [0x0000000080000000, 0x0000000100000000)
  region size 1024K, 36 young (36864K), 3 survivors (3072K)
 Metaspace       used 86279K, capacity 88399K, committed 88652K, reserved 1126400K
  class space    used 11317K, capacity 12071K, committed 12160K, reserved 1048576K
}
Event: 16.808 GC heap after
{Heap after GC invocations=31 (full 0):
 garbage-first heap   total 297984K, used 197295K [0x0000000080000000, 0x0000000100000000)
  region size 1024K, 5 young (5120K), 5 survivors (5120K)
 Metaspace       used 86279K, capacity 88399K, committed 88652K, reserved 1126400K
  class space    used 11317K, capacity 12071K, committed 12160K, reserved 1048576K
}
Event: 17.079 GC heap before
{Heap before GC invocations=32 (full 0):
 garbage-first heap   total 297984K, used 223919K [0x0000000080000000, 0x0000000100000000)
  region size 1024K, 32 young (32768K), 5 survivors (5120K)
 Metaspace       used 86304K, capacity 88399K, committed 88652K, reserved 1126400K
  class space    used 11317K, capacity 12071K, committed 12160K, reserved 1048576K
}
Event: 17.102 GC heap after
{Heap after GC invocations=33 (full 0):
 garbage-first heap   total 297984K, used 213732K [0x0000000080000000, 0x0000000100000000)
  region size 1024K, 4 young (4096K), 4 survivors (4096K)
 Metaspace       used 86304K, capacity 88399K, committed 88652K, reserved 1126400K
  class space    used 11317K, capacity 12071K, committed 12160K, reserved 1048576K
}
Event: 17.295 GC heap before
{Heap before GC invocations=33 (full 0):
 garbage-first heap   total 297984K, used 234212K [0x0000000080000000, 0x0000000100000000)
  region size 1024K, 25 young (25600K), 4 survivors (4096K)
 Metaspace       used 86565K, capacity 88636K, committed 88908K, reserved 1126400K
  class space    used 11360K, capacity 12107K, committed 12160K, reserved 1048576K
}
Event: 17.315 GC heap after
{Heap after GC invocations=34 (full 0):
 garbage-first heap   total 297984K, used 226693K [0x0000000080000000, 0x0000000100000000)
  region size 1024K, 4 young (4096K), 4 survivors (4096K)
 Metaspace       used 86565K, capacity 88636K, committed 88908K, reserved 1126400K
  class space    used 11360K, capacity 12107K, committed 12160K, reserved 1048576K
}
Event: 18.359 GC heap before
{Heap before GC invocations=34 (full 0):
 garbage-first heap   total 297984K, used 227717K [0x0000000080000000, 0x0000000100000000)
  region size 1024K, 20 young (20480K), 4 survivors (4096K)
 Metaspace       used 87894K, capacity 90052K, committed 90444K, reserved 1128448K
  class space    used 11522K, capacity 12309K, committed 12416K, reserved 1048576K
}

