# JRE version: OpenJDK Runtime Environment (11.0.8+10) (build 11.0.8+10-b944.6842174)
# Java VM: OpenJDK 64-Bit Server VM (11.0.8+10-b944.6842174, mixed mode, tiered, compressed oops, g1 gc, windows-amd64)
Heap:
 garbage-first heap   total 475136K, used 176408K [0x0000000080000000, 0x0000000100000000)
  region size 1024K, 3 young (3072K), 3 survivors (3072K)
 Metaspace       used 113381K, capacity 116288K, committed 116480K, reserved 1150976K
  class space    used 14290K, capacity 15304K, committed 15360K, reserved 1048576K
GC Heap History (20 events):
Event: 32.193 GC heap after
{Heap after GC invocations=46 (full 0):
 garbage-first heap   total 155648K, used 108925K [0x0000000080000000, 0x0000000100000000)
  region size 1024K, 2 young (2048K), 2 survivors (2048K)
 Metaspace       used 109473K, capacity 112293K, committed 112384K, reserved 1146880K
  class space    used 13799K, capacity 14783K, committed 14848K, reserved 1048576K
}
Event: 32.348 GC heap before
{Heap before GC invocations=46 (full 0):
 garbage-first heap   total 155648K, used 131453K [0x0000000080000000, 0x0000000100000000)
  region size 1024K, 25 young (25600K), 2 survivors (2048K)
 Metaspace       used 110281K, capacity 113154K, committed 113280K, reserved 1146880K
  class space    used 13916K, capacity 14921K, committed 14976K, reserved 1048576K
}
Event: 32.351 GC heap after
{Heap after GC invocations=47 (full 0):
 garbage-first heap   total 155648K, used 109685K [0x0000000080000000, 0x0000000100000000)
  region size 1024K, 3 young (3072K), 3 survivors (3072K)
 Metaspace       used 110281K, capacity 113154K, committed 113280K, reserved 1146880K
  class space    used 13916K, capacity 14921K, committed 14976K, reserved 1048576K
}
Event: 32.513 GC heap before
{Heap before GC invocations=48 (full 0):
 garbage-first heap   total 155648K, used 131189K [0x0000000080000000, 0x0000000100000000)
  region size 1024K, 25 young (25600K), 3 survivors (3072K)
 Metaspace       used 111259K, capacity 114114K, committed 114176K, reserved 1148928K
  class space    used 14034K, capacity 15049K, committed 15104K, reserved 1048576K
}
Event: 32.517 GC heap after
{Heap after GC invocations=49 (full 0):
 garbage-first heap   total 155648K, used 110307K [0x0000000080000000, 0x0000000100000000)
  region size 1024K, 3 young (3072K), 3 survivors (3072K)
 Metaspace       used 111259K, capacity 114114K, committed 114176K, reserved 1148928K
  class space    used 14034K, capacity 15049K, committed 15104K, reserved 1048576K
}
Event: 32.681 GC heap before
{Heap before GC invocations=49 (full 0):
 garbage-first heap   total 155648K, used 132835K [0x0000000080000000, 0x0000000100000000)
  region size 1024K, 26 young (26624K), 3 survivors (3072K)
 Metaspace       used 111699K, capacity 114530K, committed 114688K, reserved 1148928K
  class space    used 14077K, capacity 15081K, committed 15104K, reserved 1048576K
}
Event: 32.696 GC heap after
{Heap after GC invocations=50 (full 0):
 garbage-first heap   total 155648K, used 112000K [0x0000000080000000, 0x0000000100000000)
  region size 1024K, 4 young (4096K), 4 survivors (4096K)
 Metaspace       used 111699K, capacity 114530K, committed 114688K, reserved 1148928K
  class space    used 14077K, capacity 15081K, committed 15104K, reserved 1048576K
}
Event: 32.969 GC heap before
{Heap before GC invocations=50 (full 0):
 garbage-first heap   total 155648K, used 132480K [0x0000000080000000, 0x0000000100000000)
  region size 1024K, 25 young (25600K), 4 survivors (4096K)
 Metaspace       used 112150K, capacity 115040K, committed 115328K, reserved 1148928K
  class space    used 14132K, capacity 15126K, committed 15232K, reserved 1048576K
}
Event: 32.977 GC heap after
{Heap after GC invocations=51 (full 0):
 garbage-first heap   total 155648K, used 113632K [0x0000000080000000, 0x0000000100000000)
  region size 1024K, 4 young (4096K), 4 survivors (4096K)
 Metaspace       used 112150K, capacity 115040K, committed 115328K, reserved 1148928K
  class space    used 14132K, capacity 15126K, committed 15232K, reserved 1048576K
}
Event: 33.165 GC heap before
{Heap before GC invocations=52 (full 0):
 garbage-first heap   total 155648K, used 133088K [0x0000000080000000, 0x0000000100000000)
  region size 1024K, 24 young (24576K), 4 survivors (4096K)
 Metaspace       used 112406K, capacity 115294K, committed 115584K, reserved 1148928K
  class space    used 14158K, capacity 15165K, committed 15232K, reserved 1048576K
}
Event: 33.170 GC heap after
{Heap after GC invocations=53 (full 0):
 garbage-first heap   total 155648K, used 114344K [0x0000000080000000, 0x0000000100000000)
  region size 1024K, 3 young (3072K), 3 survivors (3072K)
 Metaspace       used 112406K, capacity 115294K, committed 115584K, reserved 1148928K
  class space    used 14158K, capacity 15165K, committed 15232K, reserved 1048576K
}
Event: 33.181 GC heap before
{Heap before GC invocations=53 (full 0):
 garbage-first heap   total 155648K, used 116392K [0x0000000080000000, 0x0000000100000000)
  region size 1024K, 6 young (6144K), 3 survivors (3072K)
 Metaspace       used 112433K, capacity 115294K, committed 115584K, reserved 1148928K
  class space    used 14161K, capacity 15165K, committed 15232K, reserved 1048576K
}
Event: 33.215 GC heap after
{Heap after GC invocations=54 (full 0):
 garbage-first heap   total 221184K, used 114523K [0x0000000080000000, 0x0000000100000000)
  region size 1024K, 2 young (2048K), 2 survivors (2048K)
 Metaspace       used 112433K, capacity 115294K, committed 115584K, reserved 1148928K
  class space    used 14161K, capacity 15165K, committed 15232K, reserved 1048576K
}
Event: 33.555 GC heap before
{Heap before GC invocations=55 (full 0):
 garbage-first heap   total 221184K, used 136027K [0x0000000080000000, 0x0000000100000000)
  region size 1024K, 13 young (13312K), 2 survivors (2048K)
 Metaspace       used 113002K, capacity 115823K, committed 115968K, reserved 1150976K
  class space    used 14246K, capacity 15235K, committed 15360K, reserved 1048576K
}
Event: 33.566 GC heap after
{Heap after GC invocations=56 (full 0):
 garbage-first heap   total 221184K, used 134478K [0x0000000080000000, 0x0000000100000000)
  region size 1024K, 7 young (7168K), 7 survivors (7168K)
 Metaspace       used 113002K, capacity 115823K, committed 115968K, reserved 1150976K
  class space    used 14246K, capacity 15235K, committed 15360K, reserved 1048576K
}
Event: 33.969 GC heap before
{Heap before GC invocations=57 (full 0):
 garbage-first heap   total 221184K, used 200014K [0x0000000080000000, 0x0000000100000000)
  region size 1024K, 48 young (49152K), 7 survivors (7168K)
 Metaspace       used 113381K, capacity 116288K, committed 116480K, reserved 1150976K
  class space    used 14290K, capacity 15304K, committed 15360K, reserved 1048576K
}
Event: 34.021 GC heap after
{Heap after GC invocations=58 (full 0):
 garbage-first heap   total 227328K, used 165087K [0x0000000080000000, 0x0000000100000000)
  region size 1024K, 6 young (6144K), 6 survivors (6144K)
 Metaspace       used 113381K, capacity 116288K, committed 116480K, reserved 1150976K
  class space    used 14290K, capacity 15304K, committed 15360K, reserved 1048576K
}
Event: 34.176 GC heap before
{Heap before GC invocations=58 (full 0):
 garbage-first heap   total 227328K, used 172255K [0x0000000080000000, 0x0000000100000000)
  region size 1024K, 14 young (14336K), 6 survivors (6144K)
 Metaspace       used 113381K, capacity 116288K, committed 116480K, reserved 1150976K
  class space    used 14290K, capacity 15304K, committed 15360K, reserved 1048576K
}
Event: 34.191 GC heap after
{Heap after GC invocations=59 (full 0):
 garbage-first heap   total 227328K, used 167673K [0x0000000080000000, 0x0000000100000000)
  region size 1024K, 3 young (3072K), 3 survivors (3072K)
 Metaspace       used 113381K, capacity 116288K, committed 116480K, reserved 1150976K
  class space    used 14290K, capacity 15304K, committed 15360K, reserved 1048576K
}
Event: 34.334 GC heap before
{Heap before GC invocations=59 (full 0):
 garbage-first heap   total 227328K, used 185081K [0x0000000080000000, 0x0000000100000000)
  region size 1024K, 18 young (18432K), 3 survivors (3072K)
 Metaspace       used 113381K, capacity 116288K, committed 116480K, reserved 1150976K
  class space    used 14290K, capacity 15304K, committed 15360K, reserved 1048576K
}

