# JRE version: OpenJDK Runtime Environment (11.0.8+10) (build 11.0.8+10-b944.6842174)
# Java VM: OpenJDK 64-Bit Server VM (11.0.8+10-b944.6842174, mixed mode, tiered, compressed oops, g1 gc, windows-amd64)
Heap:
 garbage-first heap   total 629760K, used 311296K [0x0000000080000000, 0x0000000100000000)
  region size 1024K, 5 young (5120K), 5 survivors (5120K)
 Metaspace       used 121373K, capacity 124741K, committed 125040K, reserved 1159168K
  class space    used 15198K, capacity 16369K, committed 16460K, reserved 1048576K
GC Heap History (20 events):
Event: 69.231 GC heap after
{Heap after GC invocations=77 (full 0):
 garbage-first heap   total 330752K, used 147952K [0x0000000080000000, 0x0000000100000000)
  region size 1024K, 8 young (8192K), 8 survivors (8192K)
 Metaspace       used 117965K, capacity 121163K, committed 121328K, reserved 1155072K
  class space    used 14854K, capacity 15965K, committed 16076K, reserved 1048576K
}
Event: 69.837 GC heap before
{Heap before GC invocations=77 (full 0):
 garbage-first heap   total 330752K, used 270832K [0x0000000080000000, 0x0000000100000000)
  region size 1024K, 128 young (131072K), 8 survivors (8192K)
 Metaspace       used 117992K, capacity 121164K, committed 121328K, reserved 1155072K
  class space    used 14854K, capacity 15965K, committed 16076K, reserved 1048576K
}
Event: 69.847 GC heap after
{Heap after GC invocations=78 (full 0):
 garbage-first heap   total 330752K, used 150000K [0x0000000080000000, 0x0000000100000000)
  region size 1024K, 10 young (10240K), 10 survivors (10240K)
 Metaspace       used 117992K, capacity 121164K, committed 121328K, reserved 1155072K
  class space    used 14854K, capacity 15965K, committed 16076K, reserved 1048576K
}
Event: 70.500 GC heap before
{Heap before GC invocations=78 (full 0):
 garbage-first heap   total 330752K, used 274928K [0x0000000080000000, 0x0000000100000000)
  region size 1024K, 132 young (135168K), 10 survivors (10240K)
 Metaspace       used 118003K, capacity 121164K, committed 121328K, reserved 1155072K
  class space    used 14855K, capacity 15965K, committed 16076K, reserved 1048576K
}
Event: 70.512 GC heap after
{Heap after GC invocations=79 (full 0):
 garbage-first heap   total 330752K, used 152121K [0x0000000080000000, 0x0000000100000000)
  region size 1024K, 11 young (11264K), 11 survivors (11264K)
 Metaspace       used 118003K, capacity 121164K, committed 121328K, reserved 1155072K
  class space    used 14855K, capacity 15965K, committed 16076K, reserved 1048576K
}
Event: 71.171 GC heap before
{Heap before GC invocations=79 (full 0):
 garbage-first heap   total 330752K, used 279097K [0x0000000080000000, 0x0000000100000000)
  region size 1024K, 135 young (138240K), 11 survivors (11264K)
 Metaspace       used 118013K, capacity 121167K, committed 121328K, reserved 1155072K
  class space    used 14856K, capacity 15966K, committed 16076K, reserved 1048576K
}
Event: 71.188 GC heap after
{Heap after GC invocations=80 (full 0):
 garbage-first heap   total 330752K, used 153785K [0x0000000080000000, 0x0000000100000000)
  region size 1024K, 11 young (11264K), 11 survivors (11264K)
 Metaspace       used 118013K, capacity 121167K, committed 121328K, reserved 1155072K
  class space    used 14856K, capacity 15966K, committed 16076K, reserved 1048576K
}
Event: 71.734 GC heap before
{Heap before GC invocations=80 (full 0):
 garbage-first heap   total 330752K, used 281785K [0x0000000080000000, 0x0000000100000000)
  region size 1024K, 136 young (139264K), 11 survivors (11264K)
 Metaspace       used 118026K, capacity 121167K, committed 121328K, reserved 1155072K
  class space    used 14856K, capacity 15966K, committed 16076K, reserved 1048576K
}
Event: 71.746 GC heap after
{Heap after GC invocations=81 (full 0):
 garbage-first heap   total 330752K, used 155666K [0x0000000080000000, 0x0000000100000000)
  region size 1024K, 11 young (11264K), 11 survivors (11264K)
 Metaspace       used 118026K, capacity 121167K, committed 121328K, reserved 1155072K
  class space    used 14856K, capacity 15966K, committed 16076K, reserved 1048576K
}
Event: 72.332 GC heap before
{Heap before GC invocations=81 (full 0):
 garbage-first heap   total 330752K, used 283666K [0x0000000080000000, 0x0000000100000000)
  region size 1024K, 136 young (139264K), 11 survivors (11264K)
 Metaspace       used 118029K, capacity 121167K, committed 121328K, reserved 1155072K
  class space    used 14856K, capacity 15966K, committed 16076K, reserved 1048576K
}
Event: 72.347 GC heap after
{Heap after GC invocations=82 (full 0):
 garbage-first heap   total 330752K, used 157563K [0x0000000080000000, 0x0000000100000000)
  region size 1024K, 11 young (11264K), 11 survivors (11264K)
 Metaspace       used 118029K, capacity 121167K, committed 121328K, reserved 1155072K
  class space    used 14856K, capacity 15966K, committed 16076K, reserved 1048576K
}
Event: 73.378 GC heap before
{Heap before GC invocations=82 (full 0):
 garbage-first heap   total 330752K, used 284539K [0x0000000080000000, 0x0000000100000000)
  region size 1024K, 136 young (139264K), 11 survivors (11264K)
 Metaspace       used 119106K, capacity 122372K, committed 122480K, reserved 1155072K
  class space    used 14986K, capacity 16104K, committed 16204K, reserved 1048576K
}
Event: 73.402 GC heap after
{Heap after GC invocations=83 (full 0):
 garbage-first heap   total 397312K, used 163711K [0x0000000080000000, 0x0000000100000000)
  region size 1024K, 16 young (16384K), 16 survivors (16384K)
 Metaspace       used 119106K, capacity 122372K, committed 122480K, reserved 1155072K
  class space    used 14986K, capacity 16104K, committed 16204K, reserved 1048576K
}
Event: 75.948 GC heap before
{Heap before GC invocations=83 (full 0):
 garbage-first heap   total 397312K, used 357247K [0x0000000080000000, 0x0000000100000000)
  region size 1024K, 167 young (171008K), 16 survivors (16384K)
 Metaspace       used 120388K, capacity 123739K, committed 123888K, reserved 1157120K
  class space    used 15106K, capacity 16274K, committed 16332K, reserved 1048576K
}
Event: 76.014 GC heap after
{Heap after GC invocations=84 (full 0):
 garbage-first heap   total 397312K, used 209920K [0x0000000080000000, 0x0000000100000000)
  region size 1024K, 21 young (21504K), 21 survivors (21504K)
 Metaspace       used 120388K, capacity 123739K, committed 123888K, reserved 1157120K
  class space    used 15106K, capacity 16274K, committed 16332K, reserved 1048576K
}
Event: 76.905 GC heap before
{Heap before GC invocations=84 (full 0):
 garbage-first heap   total 397312K, used 328704K [0x0000000080000000, 0x0000000100000000)
  region size 1024K, 133 young (136192K), 21 survivors (21504K)
 Metaspace       used 121282K, capacity 124613K, committed 124784K, reserved 1157120K
  class space    used 15192K, capacity 16369K, committed 16460K, reserved 1048576K
}
Event: 77.001 GC heap after
{Heap after GC invocations=85 (full 0):
 garbage-first heap   total 401408K, used 264841K [0x0000000080000000, 0x0000000100000000)
  region size 1024K, 17 young (17408K), 17 survivors (17408K)
 Metaspace       used 121282K, capacity 124613K, committed 124784K, reserved 1157120K
  class space    used 15192K, capacity 16369K, committed 16460K, reserved 1048576K
}
Event: 77.197 GC heap before
{Heap before GC invocations=85 (full 0):
 garbage-first heap   total 401408K, used 319113K [0x0000000080000000, 0x0000000100000000)
  region size 1024K, 71 young (72704K), 17 survivors (17408K)
 Metaspace       used 121338K, capacity 124677K, committed 124784K, reserved 1157120K
  class space    used 15197K, capacity 16369K, committed 16460K, reserved 1048576K
}
Event: 77.280 GC heap after
{Heap after GC invocations=86 (full 0):
 garbage-first heap   total 401408K, used 296448K [0x0000000080000000, 0x0000000100000000)
  region size 1024K, 9 young (9216K), 9 survivors (9216K)
 Metaspace       used 121338K, capacity 124677K, committed 124784K, reserved 1157120K
  class space    used 15197K, capacity 16369K, committed 16460K, reserved 1048576K
}
Event: 77.544 GC heap before
{Heap before GC invocations=86 (full 0):
 garbage-first heap   total 401408K, used 327168K [0x0000000080000000, 0x0000000100000000)
  region size 1024K, 40 young (40960K), 9 survivors (9216K)
 Metaspace       used 121373K, capacity 124741K, committed 125040K, reserved 1159168K
  class space    used 15198K, capacity 16369K, committed 16460K, reserved 1048576K
}

